<?xml version="1.0" encoding="UTF-8"?>
<!-- Generated by org.testng.reporters.JUnitXMLReporter -->
<testsuite ignored="14" hostname="DRBSURYAKANTH" failures="0" tests="1" name="Default test" time="35.895" errors="0" timestamp="2022-08-05T00:00:33 IST">
  <testcase classname="maven.orangehrm" name="casestudy1" time="24.169"/>
  <testcase classname="maven.orangehrm" name="f6" time="0.0">
    <ignored/>
  </testcase> <!-- f6 -->
  <testcase classname="maven.orangehrm" name="tc11" time="0.0">
    <ignored/>
  </testcase> <!-- tc11 -->
  <testcase classname="maven.orangehrm" name="cierra" time="0.0">
    <ignored/>
  </testcase> <!-- cierra -->
  <testcase classname="maven.orangehrm" name="test" time="0.0">
    <ignored/>
  </testcase> <!-- test -->
  <testcase classname="maven.orangehrm" name="gmap" time="0.0">
    <ignored/>
  </testcase> <!-- gmap -->
  <testcase classname="maven.orangehrm" name="f" time="0.0">
    <ignored/>
  </testcase> <!-- f -->
  <testcase classname="maven.orangehrm" name="buttons" time="0.0">
    <ignored/>
  </testcase> <!-- buttons -->
  <testcase classname="maven.orangehrm" name="casestudy" time="0.0">
    <ignored/>
  </testcase> <!-- casestudy -->
  <testcase classname="maven.orangehrm" name="f3" time="0.0">
    <ignored/>
  </testcase> <!-- f3 -->
  <testcase classname="maven.orangehrm" name="radio" time="0.0">
    <ignored/>
  </testcase> <!-- radio -->
  <testcase classname="maven.orangehrm" name="f5" time="0.0">
    <ignored/>
  </testcase> <!-- f5 -->
  <testcase classname="maven.orangehrm" name="f2" time="0.0">
    <ignored/>
  </testcase> <!-- f2 -->
  <testcase classname="maven.orangehrm" name="f4" time="0.0">
    <ignored/>
  </testcase> <!-- f4 -->
  <testcase classname="maven.orangehrm" name="f1" time="0.0">
    <ignored/>
  </testcase> <!-- f1 -->
</testsuite> <!-- Default test -->
