<?xml version="1.0" encoding="UTF-8"?>
<testng-results ignored="14" total="15" passed="1" failed="0" skipped="0">
  <reporter-output>
  </reporter-output>
  <suite started-at="2022-08-04T23:59:57 IST" name="Default suite" finished-at="2022-08-05T00:00:33 IST" duration-ms="35895">
    <groups>
    </groups>
    <test started-at="2022-08-04T23:59:57 IST" name="Default test" finished-at="2022-08-05T00:00:33 IST" duration-ms="35895">
      <class name="maven.orangehrm">
        <test-method is-config="true" signature="beforeTest()[pri:0, instance:maven.orangehrm@54a7079e]" started-at="2022-08-04T23:59:57 IST" name="beforeTest" finished-at="2022-08-05T00:00:09 IST" duration-ms="11632" status="PASS">
          <reporter-output>
          </reporter-output>
        </test-method> <!-- beforeTest -->
        <test-method signature="casestudy1()[pri:0, instance:maven.orangehrm@54a7079e]" started-at="2022-08-05T00:00:09 IST" name="casestudy1" finished-at="2022-08-05T00:00:33 IST" duration-ms="24169" status="PASS">
          <reporter-output>
          </reporter-output>
        </test-method> <!-- casestudy1 -->
        <test-method is-config="true" signature="afterTest()[pri:0, instance:maven.orangehrm@54a7079e]" started-at="2022-08-05T00:00:33 IST" name="afterTest" finished-at="2022-08-05T00:00:33 IST" duration-ms="0" status="PASS">
          <reporter-output>
          </reporter-output>
        </test-method> <!-- afterTest -->
      </class> <!-- maven.orangehrm -->
    </test> <!-- Default test -->
  </suite> <!-- Default suite -->
</testng-results>
