<?xml version="1.0" encoding="UTF-8"?>
<!-- Generated by org.testng.reporters.JUnitXMLReporter -->
<testsuite ignored="3" hostname="DRBSURYAKANTH" failures="0" tests="1" name="Surefire test" time="17.148" errors="0" timestamp="2022-07-28T23:33:50 IST">
  <testcase classname="maven.orangehrm" name="f" time="9.179"/>
  <testcase classname="maven.orangehrm" name="f3" time="0.0">
    <ignored/>
  </testcase> <!-- f3 -->
  <testcase classname="maven.orangehrm" name="f2" time="0.0">
    <ignored/>
  </testcase> <!-- f2 -->
  <testcase classname="maven.orangehrm" name="f1" time="0.0">
    <ignored/>
  </testcase> <!-- f1 -->
</testsuite> <!-- Surefire test -->
