<?xml version="1.0" encoding="UTF-8"?>
<testng-results ignored="3" total="4" passed="1" failed="0" skipped="0">
  <reporter-output>
  </reporter-output>
  <suite started-at="2022-07-28T23:33:33 IST" name="Surefire suite" finished-at="2022-07-28T23:33:50 IST" duration-ms="17148">
    <groups>
    </groups>
    <test started-at="2022-07-28T23:33:33 IST" name="Surefire test" finished-at="2022-07-28T23:33:50 IST" duration-ms="17148">
      <class name="maven.orangehrm">
        <test-method is-config="true" signature="beforeTest()[pri:0, instance:maven.orangehrm@76f2bbc1]" started-at="2022-07-28T23:33:33 IST" name="beforeTest" finished-at="2022-07-28T23:33:41 IST" duration-ms="7928" status="PASS">
          <reporter-output>
          </reporter-output>
        </test-method> <!-- beforeTest -->
        <test-method signature="f()[pri:0, instance:maven.orangehrm@76f2bbc1]" started-at="2022-07-28T23:33:41 IST" name="f" finished-at="2022-07-28T23:33:50 IST" duration-ms="9179" status="PASS">
          <reporter-output>
          </reporter-output>
        </test-method> <!-- f -->
        <test-method is-config="true" signature="afterTest()[pri:0, instance:maven.orangehrm@76f2bbc1]" started-at="2022-07-28T23:33:50 IST" name="afterTest" finished-at="2022-07-28T23:33:50 IST" duration-ms="0" status="PASS">
          <reporter-output>
          </reporter-output>
        </test-method> <!-- afterTest -->
      </class> <!-- maven.orangehrm -->
    </test> <!-- Surefire test -->
  </suite> <!-- Surefire suite -->
</testng-results>
